This file contains any messages produced by compilers while
running configure, to aid debugging if configure makes a mistake.

It was created by lensfit configure 7.5-beta, which was
generated by GNU Autoconf 2.69.  Invocation command line was

  $ ./configure 

## --------- ##
## Platform. ##
## --------- ##

hostname = eemmeer.strw.leidenuniv.nl
uname -m = x86_64
uname -r = 3.10.0-514.6.1.el7.x86_64
uname -s = Linux
uname -v = #1 SMP Sat Dec 10 11:15:38 EST 2016

/usr/bin/uname -p = x86_64
/bin/uname -X     = unknown

/bin/arch              = x86_64
/usr/bin/arch -k       = unknown
/usr/convex/getsysinfo = unknown
/usr/bin/hostinfo      = unknown
/bin/machine           = unknown
/usr/bin/oslevel       = unknown
/bin/universe          = unknown

PATH: /usr/lib64/mpich/bin
PATH: /software/sfinx/bin
PATH: /usr/local/bin
PATH: /usr/bin
PATH: /bin
PATH: /software/rhel7/bin
PATH: /software/local/bin
PATH: .


## ----------- ##
## Core tests. ##
## ----------- ##

configure:2401: checking for a BSD-compatible install
configure:2469: result: /usr/bin/install -c
configure:2480: checking whether build environment is sane
configure:2535: result: yes
configure:2686: checking for a thread-safe mkdir -p
configure:2725: result: /usr/bin/mkdir -p
configure:2732: checking for gawk
configure:2748: found /usr/bin/gawk
configure:2759: result: gawk
configure:2770: checking whether make sets $(MAKE)
configure:2792: result: yes
configure:2821: checking whether make supports nested variables
configure:2838: result: yes
configure:2984: checking for gcc
configure:3000: found /usr/bin/gcc
configure:3011: result: gcc
configure:3240: checking for C compiler version
configure:3249: gcc --version >&5
gcc (GCC) 4.8.5 20150623 (Red Hat 4.8.5-11)
Copyright (C) 2015 Free Software Foundation, Inc.
This is free software; see the source for copying conditions.  There is NO
warranty; not even for MERCHANTABILITY or FITNESS FOR A PARTICULAR PURPOSE.

configure:3260: $? = 0
configure:3249: gcc -v >&5
Using built-in specs.
COLLECT_GCC=gcc
COLLECT_LTO_WRAPPER=/usr/libexec/gcc/x86_64-redhat-linux/4.8.5/lto-wrapper
Target: x86_64-redhat-linux
Configured with: ../configure --prefix=/usr --mandir=/usr/share/man --infodir=/usr/share/info --with-bugurl=http://bugzilla.redhat.com/bugzilla --enable-bootstrap --enable-shared --enable-threads=posix --enable-checking=release --with-system-zlib --enable-__cxa_atexit --disable-libunwind-exceptions --enable-gnu-unique-object --enable-linker-build-id --with-linker-hash-style=gnu --enable-languages=c,c++,objc,obj-c++,java,fortran,ada,go,lto --enable-plugin --enable-initfini-array --disable-libgcj --with-isl=/builddir/build/BUILD/gcc-4.8.5-20150702/obj-x86_64-redhat-linux/isl-install --with-cloog=/builddir/build/BUILD/gcc-4.8.5-20150702/obj-x86_64-redhat-linux/cloog-install --enable-gnu-indirect-function --with-tune=generic --with-arch_32=x86-64 --build=x86_64-redhat-linux
Thread model: posix
gcc version 4.8.5 20150623 (Red Hat 4.8.5-11) (GCC) 
configure:3260: $? = 0
configure:3249: gcc -V >&5
gcc: error: unrecognized command line option '-V'
gcc: fatal error: no input files
compilation terminated.
configure:3260: $? = 4
configure:3249: gcc -qversion >&5
gcc: error: unrecognized command line option '-qversion'
gcc: fatal error: no input files
compilation terminated.
configure:3260: $? = 4
configure:3280: checking whether the C compiler works
configure:3302: gcc -m64 -I//usr/include/cfitsio -I/usr/include  -L//usr/lib64/libcfitsio.so -lgsl -lgslcblas -lm conftest.c  >&5
configure:3306: $? = 0
configure:3354: result: yes
configure:3357: checking for C compiler default output file name
configure:3359: result: a.out
configure:3365: checking for suffix of executables
configure:3372: gcc -o conftest -m64 -I//usr/include/cfitsio -I/usr/include  -L//usr/lib64/libcfitsio.so -lgsl -lgslcblas -lm conftest.c  >&5
configure:3376: $? = 0
configure:3398: result: 
configure:3420: checking whether we are cross compiling
configure:3428: gcc -o conftest -m64 -I//usr/include/cfitsio -I/usr/include  -L//usr/lib64/libcfitsio.so -lgsl -lgslcblas -lm conftest.c  >&5
configure:3432: $? = 0
configure:3439: ./conftest
configure:3443: $? = 0
configure:3458: result: no
configure:3463: checking for suffix of object files
configure:3485: gcc -c -m64 -I//usr/include/cfitsio -I/usr/include  conftest.c >&5
configure:3489: $? = 0
configure:3510: result: o
configure:3514: checking whether we are using the GNU C compiler
configure:3533: gcc -c -m64 -I//usr/include/cfitsio -I/usr/include  conftest.c >&5
configure:3533: $? = 0
configure:3542: result: yes
configure:3551: checking whether gcc accepts -g
configure:3571: gcc -c -g  conftest.c >&5
configure:3571: $? = 0
configure:3612: result: yes
configure:3629: checking for gcc option to accept ISO C89
configure:3692: gcc  -c -m64 -I//usr/include/cfitsio -I/usr/include  conftest.c >&5
configure:3692: $? = 0
configure:3705: result: none needed
configure:3736: checking for style of include used by make
configure:3764: result: GNU
configure:3790: checking dependency style of gcc
configure:3901: result: gcc3
configure:3969: checking for g77
configure:3999: result: no
configure:3969: checking for xlf
configure:3999: result: no
configure:3969: checking for f77
configure:3999: result: no
configure:3969: checking for frt
configure:3999: result: no
configure:3969: checking for pgf77
configure:3999: result: no
configure:3969: checking for cf77
configure:3999: result: no
configure:3969: checking for fort77
configure:3999: result: no
configure:3969: checking for fl32
configure:3999: result: no
configure:3969: checking for af77
configure:3999: result: no
configure:3969: checking for xlf90
configure:3999: result: no
configure:3969: checking for f90
configure:3999: result: no
configure:3969: checking for pgf90
configure:3999: result: no
configure:3969: checking for pghpf
configure:3999: result: no
configure:3969: checking for epcf90
configure:3999: result: no
configure:3969: checking for gfortran
configure:3985: found /usr/bin/gfortran
configure:3996: result: gfortran
configure:4022: checking for Fortran 77 compiler version
configure:4031: gfortran --version >&5
GNU Fortran (GCC) 4.8.5 20150623 (Red Hat 4.8.5-11)
Copyright (C) 2015 Free Software Foundation, Inc.

GNU Fortran comes with NO WARRANTY, to the extent permitted by law.
You may redistribute copies of GNU Fortran
under the terms of the GNU General Public License.
For more information about these matters, see the file named COPYING

configure:4042: $? = 0
configure:4031: gfortran -v >&5
Using built-in specs.
COLLECT_GCC=gfortran
COLLECT_LTO_WRAPPER=/usr/libexec/gcc/x86_64-redhat-linux/4.8.5/lto-wrapper
Target: x86_64-redhat-linux
Configured with: ../configure --prefix=/usr --mandir=/usr/share/man --infodir=/usr/share/info --with-bugurl=http://bugzilla.redhat.com/bugzilla --enable-bootstrap --enable-shared --enable-threads=posix --enable-checking=release --with-system-zlib --enable-__cxa_atexit --disable-libunwind-exceptions --enable-gnu-unique-object --enable-linker-build-id --with-linker-hash-style=gnu --enable-languages=c,c++,objc,obj-c++,java,fortran,ada,go,lto --enable-plugin --enable-initfini-array --disable-libgcj --with-isl=/builddir/build/BUILD/gcc-4.8.5-20150702/obj-x86_64-redhat-linux/isl-install --with-cloog=/builddir/build/BUILD/gcc-4.8.5-20150702/obj-x86_64-redhat-linux/cloog-install --enable-gnu-indirect-function --with-tune=generic --with-arch_32=x86-64 --build=x86_64-redhat-linux
Thread model: posix
gcc version 4.8.5 20150623 (Red Hat 4.8.5-11) (GCC) 
configure:4042: $? = 0
configure:4031: gfortran -V >&5
gfortran: error: unrecognized command line option '-V'
gfortran: fatal error: no input files
compilation terminated.
configure:4042: $? = 4
configure:4031: gfortran -qversion >&5
gfortran: error: unrecognized command line option '-qversion'
gfortran: fatal error: no input files
compilation terminated.
configure:4042: $? = 4
configure:4051: checking whether we are using the GNU Fortran 77 compiler
configure:4064: gfortran -c  conftest.F >&5
configure:4064: $? = 0
configure:4073: result: yes
configure:4079: checking whether gfortran accepts -g
configure:4090: gfortran -c -g conftest.f >&5
configure:4090: $? = 0
configure:4098: result: yes
configure:4156: checking build system type
configure:4170: result: x86_64-unknown-linux-gnu
configure:4190: checking host system type
configure:4203: result: x86_64-unknown-linux-gnu
configure:4244: checking how to print strings
configure:4271: result: printf
configure:4292: checking for a sed that does not truncate output
configure:4356: result: /usr/bin/sed
configure:4374: checking for grep that handles long lines and -e
configure:4432: result: /usr/bin/grep
configure:4437: checking for egrep
configure:4499: result: /usr/bin/grep -E
configure:4504: checking for fgrep
configure:4566: result: /usr/bin/grep -F
configure:4601: checking for ld used by gcc
configure:4668: result: /usr/bin/ld
configure:4675: checking if the linker (/usr/bin/ld) is GNU ld
configure:4690: result: yes
configure:4702: checking for BSD- or MS-compatible name lister (nm)
configure:4751: result: /usr/bin/nm -B
configure:4881: checking the name lister (/usr/bin/nm -B) interface
configure:4888: gcc -c -m64 -I//usr/include/cfitsio -I/usr/include  conftest.c >&5
configure:4891: /usr/bin/nm -B "conftest.o"
configure:4894: output
0000000000000000 B some_variable
configure:4901: result: BSD nm
configure:4904: checking whether ln -s works
configure:4908: result: yes
configure:4916: checking the maximum length of command line arguments
configure:5047: result: 1572864
configure:5064: checking whether the shell understands some XSI constructs
configure:5074: result: yes
configure:5078: checking whether the shell understands "+="
configure:5084: result: yes
configure:5119: checking how to convert x86_64-unknown-linux-gnu file names to x86_64-unknown-linux-gnu format
configure:5159: result: func_convert_file_noop
configure:5166: checking how to convert x86_64-unknown-linux-gnu file names to toolchain format
configure:5186: result: func_convert_file_noop
configure:5193: checking for /usr/bin/ld option to reload object files
configure:5200: result: -r
configure:5274: checking for objdump
configure:5290: found /usr/bin/objdump
configure:5301: result: objdump
configure:5333: checking how to recognize dependent libraries
configure:5531: result: pass_all
configure:5616: checking for dlltool
configure:5646: result: no
configure:5676: checking how to associate runtime and link libraries
configure:5703: result: printf %s\n
configure:5764: checking for ar
configure:5780: found /usr/bin/ar
configure:5791: result: ar
configure:5828: checking for archiver @FILE support
configure:5845: gcc -c -m64 -I//usr/include/cfitsio -I/usr/include  conftest.c >&5
configure:5845: $? = 0
configure:5848: ar cru libconftest.a @conftest.lst >&5
configure:5851: $? = 0
configure:5856: ar cru libconftest.a @conftest.lst >&5
ar: conftest.o: No such file or directory
configure:5859: $? = 1
configure:5871: result: @
configure:5929: checking for strip
configure:5945: found /usr/bin/strip
configure:5956: result: strip
configure:6028: checking for ranlib
configure:6044: found /usr/bin/ranlib
configure:6055: result: ranlib
configure:6157: checking command to parse /usr/bin/nm -B output from gcc object
configure:6277: gcc -c -m64 -I//usr/include/cfitsio -I/usr/include  conftest.c >&5
configure:6280: $? = 0
configure:6284: /usr/bin/nm -B conftest.o \| sed -n -e 's/^.*[ ]\([ABCDGIRSTW][ABCDGIRSTW]*\)[ ][ ]*\([_A-Za-z][_A-Za-z0-9]*\)$/\1 \2 \2/p' | sed '/ __gnu_lto/d' \> conftest.nm
configure:6287: $? = 0
configure:6353: gcc -o conftest -m64 -I//usr/include/cfitsio -I/usr/include  -L//usr/lib64/libcfitsio.so -lgsl -lgslcblas -lm conftest.c conftstm.o >&5
configure:6356: $? = 0
configure:6394: result: ok
configure:6431: checking for sysroot
configure:6461: result: no
configure:6538: gcc -c -m64 -I//usr/include/cfitsio -I/usr/include  conftest.c >&5
configure:6541: $? = 0
configure:6730: checking for mt
configure:6760: result: no
configure:6780: checking if : is a manifest tool
configure:6786: : '-?'
configure:6794: result: no
configure:7436: checking how to run the C preprocessor
configure:7467: gcc -E  conftest.c
configure:7467: $? = 0
configure:7481: gcc -E  conftest.c
conftest.c:12:28: fatal error: ac_nonexistent.h: No such file or directory
 #include <ac_nonexistent.h>
                            ^
compilation terminated.
configure:7481: $? = 1
configure: failed program was:
| /* confdefs.h */
| #define PACKAGE_NAME "lensfit"
| #define PACKAGE_TARNAME "lensfit"
| #define PACKAGE_VERSION "7.5-beta"
| #define PACKAGE_STRING "lensfit 7.5-beta"
| #define PACKAGE_BUGREPORT "L.Miller@physics.ox.ac.uk"
| #define PACKAGE_URL ""
| #define PACKAGE "lensfit"
| #define VERSION "7.5-beta"
| #define DATE "2017-03-22"
| /* end confdefs.h.  */
| #include <ac_nonexistent.h>
configure:7506: result: gcc -E
configure:7526: gcc -E  conftest.c
configure:7526: $? = 0
configure:7540: gcc -E  conftest.c
conftest.c:12:28: fatal error: ac_nonexistent.h: No such file or directory
 #include <ac_nonexistent.h>
                            ^
compilation terminated.
configure:7540: $? = 1
configure: failed program was:
| /* confdefs.h */
| #define PACKAGE_NAME "lensfit"
| #define PACKAGE_TARNAME "lensfit"
| #define PACKAGE_VERSION "7.5-beta"
| #define PACKAGE_STRING "lensfit 7.5-beta"
| #define PACKAGE_BUGREPORT "L.Miller@physics.ox.ac.uk"
| #define PACKAGE_URL ""
| #define PACKAGE "lensfit"
| #define VERSION "7.5-beta"
| #define DATE "2017-03-22"
| /* end confdefs.h.  */
| #include <ac_nonexistent.h>
configure:7569: checking for ANSI C header files
configure:7589: gcc -c -m64 -I//usr/include/cfitsio -I/usr/include  conftest.c >&5
configure:7589: $? = 0
configure:7662: gcc -o conftest -m64 -I//usr/include/cfitsio -I/usr/include  -L//usr/lib64/libcfitsio.so -lgsl -lgslcblas -lm conftest.c  >&5
configure:7662: $? = 0
configure:7662: ./conftest
configure:7662: $? = 0
configure:7673: result: yes
configure:7686: checking for sys/types.h
configure:7686: gcc -c -m64 -I//usr/include/cfitsio -I/usr/include  conftest.c >&5
configure:7686: $? = 0
configure:7686: result: yes
configure:7686: checking for sys/stat.h
configure:7686: gcc -c -m64 -I//usr/include/cfitsio -I/usr/include  conftest.c >&5
configure:7686: $? = 0
configure:7686: result: yes
configure:7686: checking for stdlib.h
configure:7686: gcc -c -m64 -I//usr/include/cfitsio -I/usr/include  conftest.c >&5
configure:7686: $? = 0
configure:7686: result: yes
configure:7686: checking for string.h
configure:7686: gcc -c -m64 -I//usr/include/cfitsio -I/usr/include  conftest.c >&5
configure:7686: $? = 0
configure:7686: result: yes
configure:7686: checking for memory.h
configure:7686: gcc -c -m64 -I//usr/include/cfitsio -I/usr/include  conftest.c >&5
configure:7686: $? = 0
configure:7686: result: yes
configure:7686: checking for strings.h
configure:7686: gcc -c -m64 -I//usr/include/cfitsio -I/usr/include  conftest.c >&5
configure:7686: $? = 0
configure:7686: result: yes
configure:7686: checking for inttypes.h
configure:7686: gcc -c -m64 -I//usr/include/cfitsio -I/usr/include  conftest.c >&5
configure:7686: $? = 0
configure:7686: result: yes
configure:7686: checking for stdint.h
configure:7686: gcc -c -m64 -I//usr/include/cfitsio -I/usr/include  conftest.c >&5
configure:7686: $? = 0
configure:7686: result: yes
configure:7686: checking for unistd.h
configure:7686: gcc -c -m64 -I//usr/include/cfitsio -I/usr/include  conftest.c >&5
configure:7686: $? = 0
configure:7686: result: yes
configure:7700: checking for dlfcn.h
configure:7700: gcc -c -m64 -I//usr/include/cfitsio -I/usr/include  conftest.c >&5
configure:7700: $? = 0
configure:7700: result: yes
configure:7907: checking for objdir
configure:7922: result: .libs
configure:8193: checking if gcc supports -fno-rtti -fno-exceptions
configure:8211: gcc -c -m64 -I//usr/include/cfitsio -I/usr/include  -fno-rtti -fno-exceptions conftest.c >&5
cc1: warning: command line option '-fno-rtti' is valid for C++/ObjC++ but not for C [enabled by default]
configure:8215: $? = 0
configure:8228: result: no
configure:8555: checking for gcc option to produce PIC
configure:8562: result: -fPIC -DPIC
configure:8570: checking if gcc PIC flag -fPIC -DPIC works
configure:8588: gcc -c -m64 -I//usr/include/cfitsio -I/usr/include  -fPIC -DPIC -DPIC conftest.c >&5
configure:8592: $? = 0
configure:8605: result: yes
configure:8634: checking if gcc static flag -static works
configure:8662: result: no
configure:8677: checking if gcc supports -c -o file.o
configure:8698: gcc -c -m64 -I//usr/include/cfitsio -I/usr/include  -o out/conftest2.o conftest.c >&5
configure:8702: $? = 0
configure:8724: result: yes
configure:8732: checking if gcc supports -c -o file.o
configure:8779: result: yes
configure:8812: checking whether the gcc linker (/usr/bin/ld -m elf_x86_64) supports shared libraries
configure:9969: result: yes
configure:10006: checking whether -lc should be explicitly linked in
configure:10014: gcc -c -m64 -I//usr/include/cfitsio -I/usr/include  conftest.c >&5
configure:10017: $? = 0
configure:10032: gcc -shared  -fPIC -DPIC conftest.o  -v -Wl,-soname -Wl,conftest -o conftest 2\>\&1 \| /usr/bin/grep  -lc  \>/dev/null 2\>\&1
configure:10035: $? = 0
configure:10049: result: no
configure:10209: checking dynamic linker characteristics
configure:10709: gcc -o conftest -m64 -I//usr/include/cfitsio -I/usr/include  -L//usr/lib64/libcfitsio.so -lgsl -lgslcblas -lm -Wl,-rpath -Wl,/foo conftest.c  >&5
configure:10709: $? = 0
configure:10943: result: GNU/Linux ld.so
configure:11050: checking how to hardcode library paths into programs
configure:11075: result: immediate
configure:11615: checking whether stripping libraries is possible
configure:11620: result: yes
configure:11655: checking if libtool supports shared libraries
configure:11657: result: yes
configure:11660: checking whether to build shared libraries
configure:11681: result: yes
configure:11684: checking whether to build static libraries
configure:11688: result: yes
configure:11812: checking if libtool supports shared libraries
configure:11814: result: yes
configure:11817: checking whether to build shared libraries
configure:11837: result: yes
configure:11840: checking whether to build static libraries
configure:11844: result: yes
configure:12165: checking for gfortran option to produce PIC
configure:12172: result: -fPIC
configure:12180: checking if gfortran PIC flag -fPIC works
configure:12198: gfortran -c -g -O2 -fPIC conftest.f >&5
configure:12202: $? = 0
configure:12215: result: yes
configure:12238: checking if gfortran static flag -static works
configure:12266: result: no
configure:12278: checking if gfortran supports -c -o file.o
configure:12299: gfortran -c -g -O2 -o out/conftest2.o conftest.f >&5
configure:12303: $? = 0
configure:12325: result: yes
configure:12330: checking if gfortran supports -c -o file.o
configure:12377: result: yes
configure:12407: checking whether the gfortran linker (/usr/bin/ld -m elf_x86_64) supports shared libraries
configure:13514: result: yes
configure:13655: checking dynamic linker characteristics
configure:14317: result: GNU/Linux ld.so
configure:14370: checking how to hardcode library paths into programs
configure:14395: result: immediate
configure:14448: checking whether ln -s works
configure:14452: result: yes
configure:14459: checking whether make sets $(MAKE)
configure:14481: result: yes
configure:14497: checking for size_t
configure:14497: gcc -c -m64 -I//usr/include/cfitsio -I/usr/include  conftest.c >&5
configure:14497: $? = 0
configure:14497: gcc -c -m64 -I//usr/include/cfitsio -I/usr/include  conftest.c >&5
conftest.c: In function 'main':
conftest.c:60:21: error: expected expression before ')' token
 if (sizeof ((size_t)))
                     ^
configure:14497: $? = 1
configure: failed program was:
| /* confdefs.h */
| #define PACKAGE_NAME "lensfit"
| #define PACKAGE_TARNAME "lensfit"
| #define PACKAGE_VERSION "7.5-beta"
| #define PACKAGE_STRING "lensfit 7.5-beta"
| #define PACKAGE_BUGREPORT "L.Miller@physics.ox.ac.uk"
| #define PACKAGE_URL ""
| #define PACKAGE "lensfit"
| #define VERSION "7.5-beta"
| #define DATE "2017-03-22"
| #define STDC_HEADERS 1
| #define HAVE_SYS_TYPES_H 1
| #define HAVE_SYS_STAT_H 1
| #define HAVE_STDLIB_H 1
| #define HAVE_STRING_H 1
| #define HAVE_MEMORY_H 1
| #define HAVE_STRINGS_H 1
| #define HAVE_INTTYPES_H 1
| #define HAVE_STDINT_H 1
| #define HAVE_UNISTD_H 1
| #define HAVE_DLFCN_H 1
| #define LT_OBJDIR ".libs/"
| /* end confdefs.h.  */
| #include <stdio.h>
| #ifdef HAVE_SYS_TYPES_H
| # include <sys/types.h>
| #endif
| #ifdef HAVE_SYS_STAT_H
| # include <sys/stat.h>
| #endif
| #ifdef STDC_HEADERS
| # include <stdlib.h>
| # include <stddef.h>
| #else
| # ifdef HAVE_STDLIB_H
| #  include <stdlib.h>
| # endif
| #endif
| #ifdef HAVE_STRING_H
| # if !defined STDC_HEADERS && defined HAVE_MEMORY_H
| #  include <memory.h>
| # endif
| # include <string.h>
| #endif
| #ifdef HAVE_STRINGS_H
| # include <strings.h>
| #endif
| #ifdef HAVE_INTTYPES_H
| # include <inttypes.h>
| #endif
| #ifdef HAVE_STDINT_H
| # include <stdint.h>
| #endif
| #ifdef HAVE_UNISTD_H
| # include <unistd.h>
| #endif
| int
| main ()
| {
| if (sizeof ((size_t)))
| 	    return 0;
|   ;
|   return 0;
| }
configure:14497: result: yes
configure:14510: checking for working alloca.h
configure:14527: gcc -o conftest -m64 -I//usr/include/cfitsio -I/usr/include  -L//usr/lib64/libcfitsio.so -lgsl -lgslcblas -lm conftest.c  >&5
configure:14527: $? = 0
configure:14535: result: yes
configure:14543: checking for alloca
configure:14580: gcc -o conftest -m64 -I//usr/include/cfitsio -I/usr/include  -L//usr/lib64/libcfitsio.so -lgsl -lgslcblas -lm conftest.c  >&5
configure:14580: $? = 0
configure:14588: result: yes
configure:14694: checking for ANSI C header files
configure:14798: result: yes
configure:14809: checking malloc.h usability
configure:14809: gcc -c -m64 -I//usr/include/cfitsio -I/usr/include  conftest.c >&5
configure:14809: $? = 0
configure:14809: result: yes
configure:14809: checking malloc.h presence
configure:14809: gcc -E  conftest.c
configure:14809: $? = 0
configure:14809: result: yes
configure:14809: checking for malloc.h
configure:14809: result: yes
configure:14809: checking stddef.h usability
configure:14809: gcc -c -m64 -I//usr/include/cfitsio -I/usr/include  conftest.c >&5
configure:14809: $? = 0
configure:14809: result: yes
configure:14809: checking stddef.h presence
configure:14809: gcc -E  conftest.c
configure:14809: $? = 0
configure:14809: result: yes
configure:14809: checking for stddef.h
configure:14809: result: yes
configure:14809: checking for stdlib.h
configure:14809: result: yes
configure:14809: checking for string.h
configure:14809: result: yes
configure:14809: checking for unistd.h
configure:14809: result: yes
configure:14809: checking sys/mman.h usability
configure:14809: gcc -c -m64 -I//usr/include/cfitsio -I/usr/include  conftest.c >&5
configure:14809: $? = 0
configure:14809: result: yes
configure:14809: checking sys/mman.h presence
configure:14809: gcc -E  conftest.c
configure:14809: $? = 0
configure:14809: result: yes
configure:14809: checking for sys/mman.h
configure:14809: result: yes
configure:14821: checking for an ANSI C-conforming const
configure:14887: gcc -c -m64 -I//usr/include/cfitsio -I/usr/include  conftest.c >&5
configure:14887: $? = 0
configure:14894: result: yes
configure:14902: checking for pid_t
configure:14902: gcc -c -m64 -I//usr/include/cfitsio -I/usr/include  conftest.c >&5
configure:14902: $? = 0
configure:14902: gcc -c -m64 -I//usr/include/cfitsio -I/usr/include  conftest.c >&5
conftest.c: In function 'main':
conftest.c:69:20: error: expected expression before ')' token
 if (sizeof ((pid_t)))
                    ^
configure:14902: $? = 1
configure: failed program was:
| /* confdefs.h */
| #define PACKAGE_NAME "lensfit"
| #define PACKAGE_TARNAME "lensfit"
| #define PACKAGE_VERSION "7.5-beta"
| #define PACKAGE_STRING "lensfit 7.5-beta"
| #define PACKAGE_BUGREPORT "L.Miller@physics.ox.ac.uk"
| #define PACKAGE_URL ""
| #define PACKAGE "lensfit"
| #define VERSION "7.5-beta"
| #define DATE "2017-03-22"
| #define STDC_HEADERS 1
| #define HAVE_SYS_TYPES_H 1
| #define HAVE_SYS_STAT_H 1
| #define HAVE_STDLIB_H 1
| #define HAVE_STRING_H 1
| #define HAVE_MEMORY_H 1
| #define HAVE_STRINGS_H 1
| #define HAVE_INTTYPES_H 1
| #define HAVE_STDINT_H 1
| #define HAVE_UNISTD_H 1
| #define HAVE_DLFCN_H 1
| #define LT_OBJDIR ".libs/"
| #define HAVE_ALLOCA_H 1
| #define HAVE_ALLOCA 1
| #define STDC_HEADERS 1
| #define HAVE_MALLOC_H 1
| #define HAVE_STDDEF_H 1
| #define HAVE_STDLIB_H 1
| #define HAVE_STRING_H 1
| #define HAVE_UNISTD_H 1
| #define HAVE_SYS_MMAN_H 1
| /* end confdefs.h.  */
| #include <stdio.h>
| #ifdef HAVE_SYS_TYPES_H
| # include <sys/types.h>
| #endif
| #ifdef HAVE_SYS_STAT_H
| # include <sys/stat.h>
| #endif
| #ifdef STDC_HEADERS
| # include <stdlib.h>
| # include <stddef.h>
| #else
| # ifdef HAVE_STDLIB_H
| #  include <stdlib.h>
| # endif
| #endif
| #ifdef HAVE_STRING_H
| # if !defined STDC_HEADERS && defined HAVE_MEMORY_H
| #  include <memory.h>
| # endif
| # include <string.h>
| #endif
| #ifdef HAVE_STRINGS_H
| # include <strings.h>
| #endif
| #ifdef HAVE_INTTYPES_H
| # include <inttypes.h>
| #endif
| #ifdef HAVE_STDINT_H
| # include <stdint.h>
| #endif
| #ifdef HAVE_UNISTD_H
| # include <unistd.h>
| #endif
| int
| main ()
| {
| if (sizeof ((pid_t)))
| 	    return 0;
|   ;
|   return 0;
| }
configure:14902: result: yes
configure:14913: checking for size_t
configure:14913: result: yes
configure:14924: checking whether time.h and sys/time.h may both be included
configure:14944: gcc -c -m64 -I//usr/include/cfitsio -I/usr/include  conftest.c >&5
configure:14944: $? = 0
configure:14951: result: yes
configure:14967: checking for stdlib.h
configure:14967: result: yes
configure:14967: checking for unistd.h
configure:14967: result: yes
configure:14967: checking for sys/param.h
configure:14967: gcc -c -m64 -I//usr/include/cfitsio -I/usr/include  conftest.c >&5
configure:14967: $? = 0
configure:14967: result: yes
configure:14987: checking for getpagesize
configure:14987: gcc -o conftest -m64 -I//usr/include/cfitsio -I/usr/include  -L//usr/lib64/libcfitsio.so -lgsl -lgslcblas -lm conftest.c  >&5
configure:14987: $? = 0
configure:14987: result: yes
configure:14996: checking for working mmap
configure:15143: gcc -o conftest -m64 -I//usr/include/cfitsio -I/usr/include  -L//usr/lib64/libcfitsio.so -lgsl -lgslcblas -lm conftest.c  >&5
configure:15143: $? = 0
configure:15143: ./conftest
configure:15143: $? = 0
configure:15153: result: yes
configure:15164: checking for strftime
configure:15164: gcc -o conftest -m64 -I//usr/include/cfitsio -I/usr/include  -L//usr/lib64/libcfitsio.so -lgsl -lgslcblas -lm conftest.c  >&5
conftest.c:62:6: warning: conflicting types for built-in function 'strftime' [enabled by default]
 char strftime ();
      ^
configure:15164: $? = 0
configure:15164: result: yes
configure:15219: checking for stdlib.h
configure:15219: result: yes
configure:15229: checking for GNU libc compatible malloc
configure:15253: gcc -o conftest -m64 -I//usr/include/cfitsio -I/usr/include  -L//usr/lib64/libcfitsio.so -lgsl -lgslcblas -lm conftest.c  >&5
configure:15253: $? = 0
configure:15253: ./conftest
configure:15253: $? = 0
configure:15263: result: yes
configure:15286: checking for stdlib.h
configure:15286: result: yes
configure:15296: checking for GNU libc compatible realloc
configure:15320: gcc -o conftest -m64 -I//usr/include/cfitsio -I/usr/include  -L//usr/lib64/libcfitsio.so -lgsl -lgslcblas -lm conftest.c  >&5
configure:15320: $? = 0
configure:15320: ./conftest
configure:15320: $? = 0
configure:15330: result: yes
configure:15353: checking for strdup
configure:15353: gcc -o conftest -m64 -I//usr/include/cfitsio -I/usr/include  -L//usr/lib64/libcfitsio.so -lgsl -lgslcblas -lm conftest.c  >&5
conftest.c:67:6: warning: conflicting types for built-in function 'strdup' [enabled by default]
 char strdup ();
      ^
configure:15353: $? = 0
configure:15353: result: yes
configure:15364: checking for gsl-config
configure:15380: found /usr/bin/gsl-config
configure:15392: result: yes
configure:15402: checking for cos in -lm
configure:15427: gcc -o conftest -m64 -I//usr/include/cfitsio -I/usr/include -I/usr/include  -L//usr/lib64/libcfitsio.so -lgsl -lgslcblas -lm -lgsl -lgslcblas -lm conftest.c -lm   >&5
conftest.c:52:6: warning: conflicting types for built-in function 'cos' [enabled by default]
 char cos ();
      ^
configure:15427: $? = 0
configure:15436: result: yes
configure:15449: checking for cblas_dgemm in -lgslcblas
configure:15474: gcc -o conftest -m64 -I//usr/include/cfitsio -I/usr/include -I/usr/include  -L//usr/lib64/libcfitsio.so -lgsl -lgslcblas -lm -lgsl -lgslcblas -lm conftest.c -lgslcblas  -lm  >&5
configure:15474: $? = 0
configure:15483: result: yes
configure:15499: checking for gsl_blas_dgemm in -lgsl
configure:15524: gcc -o conftest -m64 -I//usr/include/cfitsio -I/usr/include -I/usr/include  -L//usr/lib64/libcfitsio.so -lgsl -lgslcblas -lm -lgsl -lgslcblas -lm conftest.c -lgsl  -lgslcblas -lm  >&5
configure:15524: $? = 0
configure:15533: result: yes
configure:15549: checking for fitsio.h
configure:15549: gcc -c -m64 -I//usr/include/cfitsio -I/usr/include -I/usr/include  conftest.c >&5
configure:15549: $? = 0
configure:15549: result: yes
configure:15563: checking for ffopen in -lcfitsio
configure:15589: gcc -o conftest -m64 -I//usr/include/cfitsio -I/usr/include -I/usr/include  -L//usr/lib64/libcfitsio.so -lgsl -lgslcblas -lm -lgsl -lgslcblas -lm conftest.c -lcfitsio                       -lm -lgsl -lgslcblas -lm  >&5
configure:15589: $? = 0
configure:15598: result: yes
configure:15614: checking for fitsio.h
configure:15614: result: yes
configure:15627: checking for ffopen in -lcfitsio
configure:15662: result: yes
configure:15680: checking for fftw3.h
configure:15680: gcc -c -m64 -I//usr/include/cfitsio -I/usr/include -I/usr/include  conftest.c >&5
configure:15680: $? = 0
configure:15680: result: yes
configure:15693: checking for fftw_malloc in -lfftw3
configure:15719: gcc -o conftest -m64 -I//usr/include/cfitsio -I/usr/include -I/usr/include  -L//usr/lib64/libcfitsio.so -lgsl -lgslcblas -lm -lgsl -lgslcblas -lm conftest.c -lfftw3                       -lm -lcfitsio -lcfitsio -lgsl -lgslcblas -lm  >&5
configure:15719: $? = 0
configure:15728: result: yes
configure:15857: checking that generated files are newer than configure
configure:15863: result: done
configure:15886: creating ./config.status

## ---------------------- ##
## Running config.status. ##
## ---------------------- ##

This file was extended by lensfit config.status 7.5-beta, which was
generated by GNU Autoconf 2.69.  Invocation command line was

  CONFIG_FILES    = 
  CONFIG_HEADERS  = 
  CONFIG_LINKS    = 
  CONFIG_COMMANDS = 
  $ ./config.status 

on eemmeer.strw.leidenuniv.nl

config.status:1165: creating Makefile
config.status:1165: creating swarp/Makefile
config.status:1165: creating swarp/fits/Makefile
config.status:1165: creating swarp/wcs/Makefile
config.status:1165: creating nr/Makefile
config.status:1165: creating src/Makefile
config.status:1165: creating config.h
config.status:1394: executing depfiles commands
config.status:1394: executing libtool commands

## ---------------- ##
## Cache variables. ##
## ---------------- ##

ac_cv_build=x86_64-unknown-linux-gnu
ac_cv_c_compiler_gnu=yes
ac_cv_c_const=yes
ac_cv_env_CC_set=
ac_cv_env_CC_value=
ac_cv_env_CFLAGS_set=set
ac_cv_env_CFLAGS_value='-m64 -I//usr/include/cfitsio -I/usr/include'
ac_cv_env_CPPFLAGS_set=
ac_cv_env_CPPFLAGS_value=
ac_cv_env_CPP_set=
ac_cv_env_CPP_value=
ac_cv_env_F77_set=
ac_cv_env_F77_value=
ac_cv_env_FFLAGS_set=
ac_cv_env_FFLAGS_value=
ac_cv_env_LDFLAGS_set=set
ac_cv_env_LDFLAGS_value='-L//usr/lib64/libcfitsio.so -lgsl -lgslcblas -lm'
ac_cv_env_LIBS_set=
ac_cv_env_LIBS_value=
ac_cv_env_build_alias_set=
ac_cv_env_build_alias_value=
ac_cv_env_host_alias_set=
ac_cv_env_host_alias_value=
ac_cv_env_target_alias_set=
ac_cv_env_target_alias_value=
ac_cv_f77_compiler_gnu=yes
ac_cv_func_alloca_works=yes
ac_cv_func_getpagesize=yes
ac_cv_func_malloc_0_nonnull=yes
ac_cv_func_mmap_fixed_mapped=yes
ac_cv_func_realloc_0_nonnull=yes
ac_cv_func_strdup=yes
ac_cv_func_strftime=yes
ac_cv_header_dlfcn_h=yes
ac_cv_header_fftw3_h=yes
ac_cv_header_fitsio_h=yes
ac_cv_header_inttypes_h=yes
ac_cv_header_malloc_h=yes
ac_cv_header_memory_h=yes
ac_cv_header_stdc=yes
ac_cv_header_stddef_h=yes
ac_cv_header_stdint_h=yes
ac_cv_header_stdlib_h=yes
ac_cv_header_string_h=yes
ac_cv_header_strings_h=yes
ac_cv_header_sys_mman_h=yes
ac_cv_header_sys_param_h=yes
ac_cv_header_sys_stat_h=yes
ac_cv_header_sys_types_h=yes
ac_cv_header_time=yes
ac_cv_header_unistd_h=yes
ac_cv_host=x86_64-unknown-linux-gnu
ac_cv_lib_cfitsio_ffopen=yes
ac_cv_lib_fftw3_fftw_malloc=yes
ac_cv_lib_gsl_gsl_blas_dgemm=yes
ac_cv_lib_gslcblas_cblas_dgemm=yes
ac_cv_lib_m_cos=yes
ac_cv_objext=o
ac_cv_path_EGREP='/usr/bin/grep -E'
ac_cv_path_FGREP='/usr/bin/grep -F'
ac_cv_path_GREP=/usr/bin/grep
ac_cv_path_SED=/usr/bin/sed
ac_cv_path_install='/usr/bin/install -c'
ac_cv_path_mkdir=/usr/bin/mkdir
ac_cv_prog_AWK=gawk
ac_cv_prog_CPP='gcc -E'
ac_cv_prog_HAVE_GSL=yes
ac_cv_prog_ac_ct_AR=ar
ac_cv_prog_ac_ct_CC=gcc
ac_cv_prog_ac_ct_F77=gfortran
ac_cv_prog_ac_ct_OBJDUMP=objdump
ac_cv_prog_ac_ct_RANLIB=ranlib
ac_cv_prog_ac_ct_STRIP=strip
ac_cv_prog_cc_c89=
ac_cv_prog_cc_g=yes
ac_cv_prog_f77_g=yes
ac_cv_prog_make_make_set=yes
ac_cv_type_pid_t=yes
ac_cv_type_size_t=yes
ac_cv_working_alloca_h=yes
am_cv_CC_dependencies_compiler_type=gcc3
am_cv_make_support_nested_variables=yes
lt_cv_ar_at_file=@
lt_cv_archive_cmds_need_lc=no
lt_cv_deplibs_check_method=pass_all
lt_cv_file_magic_cmd='$MAGIC_CMD'
lt_cv_file_magic_test_file=
lt_cv_ld_reload_flag=-r
lt_cv_nm_interface='BSD nm'
lt_cv_objdir=.libs
lt_cv_path_LD=/usr/bin/ld
lt_cv_path_NM='/usr/bin/nm -B'
lt_cv_path_mainfest_tool=no
lt_cv_prog_compiler_c_o=yes
lt_cv_prog_compiler_c_o_F77=yes
lt_cv_prog_compiler_pic='-fPIC -DPIC'
lt_cv_prog_compiler_pic_F77=-fPIC
lt_cv_prog_compiler_pic_works=yes
lt_cv_prog_compiler_pic_works_F77=yes
lt_cv_prog_compiler_rtti_exceptions=no
lt_cv_prog_compiler_static_works=no
lt_cv_prog_compiler_static_works_F77=no
lt_cv_prog_gnu_ld=yes
lt_cv_sharedlib_from_linklib_cmd='printf %s\n'
lt_cv_shlibpath_overrides_runpath=no
lt_cv_sys_global_symbol_pipe='sed -n -e '\''s/^.*[	 ]\([ABCDGIRSTW][ABCDGIRSTW]*\)[	 ][	 ]*\([_A-Za-z][_A-Za-z0-9]*\)$/\1 \2 \2/p'\'' | sed '\''/ __gnu_lto/d'\'''
lt_cv_sys_global_symbol_to_c_name_address='sed -n -e '\''s/^: \([^ ]*\)[ ]*$/  {\"\1\", (void *) 0},/p'\'' -e '\''s/^[ABCDGIRSTW]* \([^ ]*\) \([^ ]*\)$/  {"\2", (void *) \&\2},/p'\'''
lt_cv_sys_global_symbol_to_c_name_address_lib_prefix='sed -n -e '\''s/^: \([^ ]*\)[ ]*$/  {\"\1\", (void *) 0},/p'\'' -e '\''s/^[ABCDGIRSTW]* \([^ ]*\) \(lib[^ ]*\)$/  {"\2", (void *) \&\2},/p'\'' -e '\''s/^[ABCDGIRSTW]* \([^ ]*\) \([^ ]*\)$/  {"lib\2", (void *) \&\2},/p'\'''
lt_cv_sys_global_symbol_to_cdecl='sed -n -e '\''s/^T .* \(.*\)$/extern int \1();/p'\'' -e '\''s/^[ABCDGIRSTW]* .* \(.*\)$/extern char \1;/p'\'''
lt_cv_sys_max_cmd_len=1572864
lt_cv_to_host_file_cmd=func_convert_file_noop
lt_cv_to_tool_file_cmd=func_convert_file_noop

## ----------------- ##
## Output variables. ##
## ----------------- ##

ACLOCAL='${SHELL} /data2/KiDS/ImSim/pipeline/kids/lensfit/missing aclocal-1.13'
ALLOCA=''
AMDEPBACKSLASH='\'
AMDEP_FALSE='#'
AMDEP_TRUE=''
AMTAR='$${TAR-tar}'
AM_BACKSLASH='\'
AM_DEFAULT_V='$(AM_DEFAULT_VERBOSITY)'
AM_DEFAULT_VERBOSITY='1'
AM_V='$(V)'
AR='ar'
AUTOCONF='${SHELL} /data2/KiDS/ImSim/pipeline/kids/lensfit/missing autoconf'
AUTOHEADER='${SHELL} /data2/KiDS/ImSim/pipeline/kids/lensfit/missing autoheader'
AUTOMAKE='${SHELL} /data2/KiDS/ImSim/pipeline/kids/lensfit/missing automake-1.13'
AWK='gawk'
CC='gcc'
CCDEPMODE='depmode=gcc3'
CFLAGS='-m64 -I//usr/include/cfitsio -I/usr/include -I/usr/include'
CPP='gcc -E'
CPPFLAGS=''
CYGPATH_W='echo'
DEFS='-DHAVE_CONFIG_H'
DEPDIR='.deps'
DLLTOOL='false'
DSYMUTIL=''
DUMPBIN=''
ECHO_C=''
ECHO_N='-n'
ECHO_T=''
EGREP='/usr/bin/grep -E'
EXEEXT=''
F77='gfortran'
FFLAGS='-g -O2'
FGREP='/usr/bin/grep -F'
GREP='/usr/bin/grep'
HAVE_GSL='yes'
INSTALL_DATA='${INSTALL} -m 644'
INSTALL_PROGRAM='${INSTALL}'
INSTALL_SCRIPT='${INSTALL}'
INSTALL_STRIP_PROGRAM='$(install_sh) -c -s'
LD='/usr/bin/ld -m elf_x86_64'
LDFLAGS='-L//usr/lib64/libcfitsio.so -lgsl -lgslcblas -lm -lgsl -lgslcblas -lm'
LIBOBJS=''
LIBS='-lfftw3 -lcfitsio -lcfitsio -lgsl -lgslcblas -lm '
LIBTOOL='$(SHELL) $(top_builddir)/libtool'
LIPO=''
LN_S='ln -s'
LTLIBOBJS=''
MAKEINFO='${SHELL} /data2/KiDS/ImSim/pipeline/kids/lensfit/missing makeinfo'
MANIFEST_TOOL=':'
MKDIR_P='/usr/bin/mkdir -p'
NM='/usr/bin/nm -B'
NMEDIT=''
OBJDUMP='objdump'
OBJEXT='o'
OTOOL64=''
OTOOL=''
PACKAGE='lensfit'
PACKAGE_BUGREPORT='L.Miller@physics.ox.ac.uk'
PACKAGE_NAME='lensfit'
PACKAGE_STRING='lensfit 7.5-beta'
PACKAGE_TARNAME='lensfit'
PACKAGE_URL=''
PACKAGE_VERSION='7.5-beta'
PATH_SEPARATOR=':'
RANLIB='ranlib'
SED='/usr/bin/sed'
SET_MAKE=''
SHELL='/bin/sh'
STRIP='strip'
VERSION='7.5-beta'
ac_ct_AR='ar'
ac_ct_CC='gcc'
ac_ct_DUMPBIN=''
ac_ct_F77='gfortran'
am__EXEEXT_FALSE=''
am__EXEEXT_TRUE='#'
am__fastdepCC_FALSE='#'
am__fastdepCC_TRUE=''
am__include='include'
am__isrc=''
am__leading_dot='.'
am__nodep='_no'
am__quote=''
am__tar='$${TAR-tar} chof - "$$tardir"'
am__untar='$${TAR-tar} xf -'
bindir='${exec_prefix}/bin'
build='x86_64-unknown-linux-gnu'
build_alias=''
build_cpu='x86_64'
build_os='linux-gnu'
build_vendor='unknown'
datadir='${datarootdir}'
datarootdir='${prefix}/share'
docdir='${datarootdir}/doc/${PACKAGE_TARNAME}'
dvidir='${docdir}'
exec_prefix='${prefix}'
host='x86_64-unknown-linux-gnu'
host_alias=''
host_cpu='x86_64'
host_os='linux-gnu'
host_vendor='unknown'
htmldir='${docdir}'
includedir='${prefix}/include'
infodir='${datarootdir}/info'
install_sh='${SHELL} /data2/KiDS/ImSim/pipeline/kids/lensfit/install-sh'
libdir='${exec_prefix}/lib'
libexecdir='${exec_prefix}/libexec'
localedir='${datarootdir}/locale'
localstatedir='${prefix}/var'
mandir='${datarootdir}/man'
mkdir_p='$(MKDIR_P)'
oldincludedir='/usr/include'
pdfdir='${docdir}'
prefix='/usr/local'
program_transform_name='s,x,x,'
psdir='${docdir}'
sbindir='${exec_prefix}/sbin'
sharedstatedir='${prefix}/com'
sysconfdir='${prefix}/etc'
target_alias=''

## ----------- ##
## confdefs.h. ##
## ----------- ##

/* confdefs.h */
#define PACKAGE_NAME "lensfit"
#define PACKAGE_TARNAME "lensfit"
#define PACKAGE_VERSION "7.5-beta"
#define PACKAGE_STRING "lensfit 7.5-beta"
#define PACKAGE_BUGREPORT "L.Miller@physics.ox.ac.uk"
#define PACKAGE_URL ""
#define PACKAGE "lensfit"
#define VERSION "7.5-beta"
#define DATE "2017-03-22"
#define STDC_HEADERS 1
#define HAVE_SYS_TYPES_H 1
#define HAVE_SYS_STAT_H 1
#define HAVE_STDLIB_H 1
#define HAVE_STRING_H 1
#define HAVE_MEMORY_H 1
#define HAVE_STRINGS_H 1
#define HAVE_INTTYPES_H 1
#define HAVE_STDINT_H 1
#define HAVE_UNISTD_H 1
#define HAVE_DLFCN_H 1
#define LT_OBJDIR ".libs/"
#define HAVE_ALLOCA_H 1
#define HAVE_ALLOCA 1
#define STDC_HEADERS 1
#define HAVE_MALLOC_H 1
#define HAVE_STDDEF_H 1
#define HAVE_STDLIB_H 1
#define HAVE_STRING_H 1
#define HAVE_UNISTD_H 1
#define HAVE_SYS_MMAN_H 1
#define TIME_WITH_SYS_TIME 1
#define HAVE_STDLIB_H 1
#define HAVE_UNISTD_H 1
#define HAVE_SYS_PARAM_H 1
#define HAVE_GETPAGESIZE 1
#define HAVE_MMAP 1
#define HAVE_STRFTIME 1
#define HAVE_STDLIB_H 1
#define HAVE_MALLOC 1
#define HAVE_STDLIB_H 1
#define HAVE_REALLOC 1
#define HAVE_STRDUP 1
#define HAVE_LIBM 1
#define HAVE_LIBGSLCBLAS 1
#define HAVE_LIBGSL 1
#define HAVE_LIBCFITSIO 1
#define HAVE_LIBCFITSIO 1
#define HAVE_LIBFFTW3 1

configure: exit 0

## ---------------------- ##
## Running config.status. ##
## ---------------------- ##

This file was extended by lensfit config.status 7.5-beta, which was
generated by GNU Autoconf 2.69.  Invocation command line was

  CONFIG_FILES    = 
  CONFIG_HEADERS  = 
  CONFIG_LINKS    = 
  CONFIG_COMMANDS = 
  $ ./config.status config.h

on eemmeer.strw.leidenuniv.nl

config.status:1165: creating config.h
config.status:1346: config.h is unchanged
